<?xml version="1.0" encoding="UTF-8"?>
<!-- Generated by org.testng.reporters.JUnitReportReporter -->
<testsuite hostname="DESKTOP-5FMQ87A" failures="0" tests="1" name="temp1.TestNGRunnerTest" time="40.329" errors="0" timestamp="2024-08-31T21:29:40 IST" skipped="0">
  <testcase classname="temp1.TestNGRunnerTest" name="runScenario" time="40.329"/>
</testsuite> <!-- temp1.TestNGRunnerTest -->
